The system is: Windows - 10.0.19042 - AMD64
Compiling the C compiler identification source file "CMakeCCompilerId.c" succeeded.
Compiler: C:/Program Files (x86)/Microsoft Visual Studio/2019/Community/VC/Tools/MSVC/14.25.28610/bin/Hostx86/x86/cl.exe 
Build flags: 
Id flags:  

The output was:
0
?????????????? ?????????? Microsoft (R) C/C++ ?????? 19.25.28614 ??? x86
(C) ?????????? ?????????? (Microsoft Corporation).  ??? ????? ????????.

CMakeCCompilerId.c
Microsoft (R) Incremental Linker Version 14.25.28614.0
Copyright (C) Microsoft Corporation.  All rights reserved.

/out:CMakeCCompilerId.exe 
CMakeCCompilerId.obj 


Compilation of the C compiler identification source "CMakeCCompilerId.c" produced "CMakeCCompilerId.exe"

Compilation of the C compiler identification source "CMakeCCompilerId.c" produced "CMakeCCompilerId.obj"

The C compiler identification is MSVC, found in "D:/WebStorage/Education/Programming/Skillbox C++/Module 13/13.6.3/cmake-build-debug/CMakeFiles/3.20.2/CompilerIdC/CMakeCCompilerId.exe"

Compiling the CXX compiler identification source file "CMakeCXXCompilerId.cpp" succeeded.
Compiler: C:/Program Files (x86)/Microsoft Visual Studio/2019/Community/VC/Tools/MSVC/14.25.28610/bin/Hostx86/x86/cl.exe 
Build flags: 
Id flags:  

The output was:
0
?????????????? ?????????? Microsoft (R) C/C++ ?????? 19.25.28614 ??? x86
(C) ?????????? ?????????? (Microsoft Corporation).  ??? ????? ????????.

CMakeCXXCompilerId.cpp
Microsoft (R) Incremental Linker Version 14.25.28614.0
Copyright (C) Microsoft Corporation.  All rights reserved.

/out:CMakeCXXCompilerId.exe 
CMakeCXXCompilerId.obj 


Compilation of the CXX compiler identification source "CMakeCXXCompilerId.cpp" produced "CMakeCXXCompilerId.exe"

Compilation of the CXX compiler identification source "CMakeCXXCompilerId.cpp" produced "CMakeCXXCompilerId.obj"

The CXX compiler identification is MSVC, found in "D:/WebStorage/Education/Programming/Skillbox C++/Module 13/13.6.3/cmake-build-debug/CMakeFiles/3.20.2/CompilerIdCXX/CMakeCXXCompilerId.exe"

Detecting C compiler ABI info compiled with the following output:
Change Dir: D:/WebStorage/Education/Programming/Skillbox C++/Module 13/13.6.3/cmake-build-debug/CMakeFiles/CMakeTmp

Run Build Command(s):nmake -f Makefile /nologo cmTC_d72b6\fast && 	"C:\Program Files (x86)\Microsoft Visual Studio\2019\Community\VC\Tools\MSVC\14.25.28610\bin\HostX86\x86\nmake.exe"  -f CMakeFiles\cmTC_d72b6.dir\build.make /nologo -L                  CMakeFiles\cmTC_d72b6.dir\build
Building C object CMakeFiles/cmTC_d72b6.dir/CMakeCCompilerABI.c.obj
	"C:\Program Files\JetBrains\CLion 2020.1.2\bin\cmake\win\bin\cmake.exe" -E cmake_cl_compile_depends --dep-file=CMakeFiles\cmTC_d72b6.dir\CMakeCCompilerABI.c.obj.d --working-dir="D:\WebStorage\Education\Programming\Skillbox C++\Module 13\13.6.3\cmake-build-debug\CMakeFiles\CMakeTmp" --filter-prefix="" -- "C:\PROGRA~2\Microsoft Visual Studio\2019\Community\VC\Tools\MSVC\14.25.28610\bin\Hostx86\x86\cl.exe" @C:\Users\Raitus\AppData\Local\Temp\nmE370.tmp
Linking C executable cmTC_d72b6.exe
	"C:\Program Files\JetBrains\CLion 2020.1.2\bin\cmake\win\bin\cmake.exe" -E vs_link_exe --intdir=CMakeFiles\cmTC_d72b6.dir --rc="C:\PROGRA~2\Windows Kits\10\bin\10.0.18362.0\x86\rc.exe" --mt="C:\PROGRA~2\Windows Kits\10\bin\10.0.18362.0\x86\mt.exe" --manifests -- "C:\PROGRA~2\Microsoft Visual Studio\2019\Community\VC\Tools\MSVC\14.25.28610\bin\Hostx86\x86\link.exe" /nologo @CMakeFiles\cmTC_d72b6.dir\objects1.rsp @C:\Users\Raitus\AppData\Local\Temp\nmE3FD.tmp



Detecting CXX compiler ABI info compiled with the following output:
Change Dir: D:/WebStorage/Education/Programming/Skillbox C++/Module 13/13.6.3/cmake-build-debug/CMakeFiles/CMakeTmp

Run Build Command(s):nmake -f Makefile /nologo cmTC_a7cfd\fast && 	"C:\Program Files (x86)\Microsoft Visual Studio\2019\Community\VC\Tools\MSVC\14.25.28610\bin\HostX86\x86\nmake.exe"  -f CMakeFiles\cmTC_a7cfd.dir\build.make /nologo -L                  CMakeFiles\cmTC_a7cfd.dir\build
Building CXX object CMakeFiles/cmTC_a7cfd.dir/CMakeCXXCompilerABI.cpp.obj
	"C:\Program Files\JetBrains\CLion 2020.1.2\bin\cmake\win\bin\cmake.exe" -E cmake_cl_compile_depends --dep-file=CMakeFiles\cmTC_a7cfd.dir\CMakeCXXCompilerABI.cpp.obj.d --working-dir="D:\WebStorage\Education\Programming\Skillbox C++\Module 13\13.6.3\cmake-build-debug\CMakeFiles\CMakeTmp" --filter-prefix="" -- "C:\PROGRA~2\Microsoft Visual Studio\2019\Community\VC\Tools\MSVC\14.25.28610\bin\Hostx86\x86\cl.exe" @C:\Users\Raitus\AppData\Local\Temp\nmE7F4.tmp
Linking CXX executable cmTC_a7cfd.exe
	"C:\Program Files\JetBrains\CLion 2020.1.2\bin\cmake\win\bin\cmake.exe" -E vs_link_exe --intdir=CMakeFiles\cmTC_a7cfd.dir --rc="C:\PROGRA~2\Windows Kits\10\bin\10.0.18362.0\x86\rc.exe" --mt="C:\PROGRA~2\Windows Kits\10\bin\10.0.18362.0\x86\mt.exe" --manifests -- "C:\PROGRA~2\Microsoft Visual Studio\2019\Community\VC\Tools\MSVC\14.25.28610\bin\Hostx86\x86\link.exe" /nologo @CMakeFiles\cmTC_a7cfd.dir\objects1.rsp @C:\Users\Raitus\AppData\Local\Temp\nmE891.tmp



