The system is: Windows - 10.0.19042 - AMD64
Compiling the C compiler identification source file "CMakeCCompilerId.c" succeeded.
Compiler: C:/Program Files (x86)/Microsoft Visual Studio/2019/Community/VC/Tools/MSVC/14.25.28610/bin/Hostx86/x86/cl.exe 
Build flags: 
Id flags:  

The output was:
0
?????????????? ?????????? Microsoft (R) C/C++ ?????? 19.25.28614 ??? x86
(C) ?????????? ?????????? (Microsoft Corporation).  ??? ????? ????????.

CMakeCCompilerId.c
Microsoft (R) Incremental Linker Version 14.25.28614.0
Copyright (C) Microsoft Corporation.  All rights reserved.

/out:CMakeCCompilerId.exe 
CMakeCCompilerId.obj 


Compilation of the C compiler identification source "CMakeCCompilerId.c" produced "CMakeCCompilerId.exe"

Compilation of the C compiler identification source "CMakeCCompilerId.c" produced "CMakeCCompilerId.obj"

The C compiler identification is MSVC, found in "D:/WebStorage/Education/Programming/Skillbox C++/Module 12/12.4.3/cmake-build-debug/CMakeFiles/3.19.2/CompilerIdC/CMakeCCompilerId.exe"

Compiling the CXX compiler identification source file "CMakeCXXCompilerId.cpp" succeeded.
Compiler: C:/Program Files (x86)/Microsoft Visual Studio/2019/Community/VC/Tools/MSVC/14.25.28610/bin/Hostx86/x86/cl.exe 
Build flags: 
Id flags:  

The output was:
0
?????????????? ?????????? Microsoft (R) C/C++ ?????? 19.25.28614 ??? x86
(C) ?????????? ?????????? (Microsoft Corporation).  ??? ????? ????????.

CMakeCXXCompilerId.cpp
Microsoft (R) Incremental Linker Version 14.25.28614.0
Copyright (C) Microsoft Corporation.  All rights reserved.

/out:CMakeCXXCompilerId.exe 
CMakeCXXCompilerId.obj 


Compilation of the CXX compiler identification source "CMakeCXXCompilerId.cpp" produced "CMakeCXXCompilerId.exe"

Compilation of the CXX compiler identification source "CMakeCXXCompilerId.cpp" produced "CMakeCXXCompilerId.obj"

The CXX compiler identification is MSVC, found in "D:/WebStorage/Education/Programming/Skillbox C++/Module 12/12.4.3/cmake-build-debug/CMakeFiles/3.19.2/CompilerIdCXX/CMakeCXXCompilerId.exe"

Detecting C compiler ABI info compiled with the following output:
Change Dir: D:/WebStorage/Education/Programming/Skillbox C++/Module 12/12.4.3/cmake-build-debug/CMakeFiles/CMakeTmp

Run Build Command(s):nmake /nologo cmTC_a5a80\fast && 	"C:\Program Files (x86)\Microsoft Visual Studio\2019\Community\VC\Tools\MSVC\14.25.28610\bin\HostX86\x86\nmake.exe"  -f CMakeFiles\cmTC_a5a80.dir\build.make /nologo -L                  CMakeFiles\cmTC_a5a80.dir\build
Building C object CMakeFiles/cmTC_a5a80.dir/CMakeCCompilerABI.c.obj
	"C:\PROGRA~2\Microsoft Visual Studio\2019\Community\VC\Tools\MSVC\14.25.28610\bin\Hostx86\x86\cl.exe" @C:\Users\Raitus\AppData\Local\Temp\nm582E.tmp
CMakeCCompilerABI.c
Linking C executable cmTC_a5a80.exe
	"C:\Program Files\JetBrains\CLion 2020.1.2\bin\cmake\win\bin\cmake.exe" -E vs_link_exe --intdir=CMakeFiles\cmTC_a5a80.dir --rc="C:\PROGRA~2\Windows Kits\10\bin\10.0.18362.0\x86\rc.exe" --mt="C:\PROGRA~2\Windows Kits\10\bin\10.0.18362.0\x86\mt.exe" --manifests -- "C:\PROGRA~2\Microsoft Visual Studio\2019\Community\VC\Tools\MSVC\14.25.28610\bin\Hostx86\x86\link.exe" /nologo @CMakeFiles\cmTC_a5a80.dir\objects1.rsp @C:\Users\Raitus\AppData\Local\Temp\nm5A04.tmp



Detecting CXX compiler ABI info compiled with the following output:
Change Dir: D:/WebStorage/Education/Programming/Skillbox C++/Module 12/12.4.3/cmake-build-debug/CMakeFiles/CMakeTmp

Run Build Command(s):nmake /nologo cmTC_50f0e\fast && 	"C:\Program Files (x86)\Microsoft Visual Studio\2019\Community\VC\Tools\MSVC\14.25.28610\bin\HostX86\x86\nmake.exe"  -f CMakeFiles\cmTC_50f0e.dir\build.make /nologo -L                  CMakeFiles\cmTC_50f0e.dir\build
Building CXX object CMakeFiles/cmTC_50f0e.dir/CMakeCXXCompilerABI.cpp.obj
	"C:\PROGRA~2\Microsoft Visual Studio\2019\Community\VC\Tools\MSVC\14.25.28610\bin\Hostx86\x86\cl.exe" @C:\Users\Raitus\AppData\Local\Temp\nm5FB0.tmp
CMakeCXXCompilerABI.cpp
Linking CXX executable cmTC_50f0e.exe
	"C:\Program Files\JetBrains\CLion 2020.1.2\bin\cmake\win\bin\cmake.exe" -E vs_link_exe --intdir=CMakeFiles\cmTC_50f0e.dir --rc="C:\PROGRA~2\Windows Kits\10\bin\10.0.18362.0\x86\rc.exe" --mt="C:\PROGRA~2\Windows Kits\10\bin\10.0.18362.0\x86\mt.exe" --manifests -- "C:\PROGRA~2\Microsoft Visual Studio\2019\Community\VC\Tools\MSVC\14.25.28610\bin\Hostx86\x86\link.exe" /nologo @CMakeFiles\cmTC_50f0e.dir\objects1.rsp @C:\Users\Raitus\AppData\Local\Temp\nm604D.tmp



